{
	"Topic": "Wireframe",
	"Partition": "CollectingMetrics",
	"User": "tixu",
	"Delta": "Th",
	"Operation": "add",
	"Timestamp": ""
}{
	"Topic": "Wireframe",
	"Partition": "CollectingMetrics",
	"User": "tixu",
	"Delta": "e",
	"Operation": "add",
	"Timestamp": ""
}{
	"Topic": "Wireframe",
	"Partition": "CollectingMetrics",
	"User": "tixu",
	"Delta": " ",
	"Operation": "add",
	"Timestamp": ""
}{
	"Topic": "Wireframe",
	"Partition": "CollectingMetrics",
	"User": "tixu",
	"Delta": "qu",
	"Operation": "add",
	"Timestamp": ""
}{
	"Topic": "Wireframe",
	"Partition": "CollectingMetrics",
	"User": "tixu",
	"Delta": "i",
	"Operation": "add",
	"Timestamp": ""
}{
	"Topic": "Wireframe",
	"Partition": "CollectingMetrics",
	"User": "tixu",
	"Delta": "ck",
	"Operation": "add",
	"Timestamp": ""
}{
	"Topic": "Wireframe",
	"Partition": "CollectingMetrics",
	"User": "tixu",
	"Delta": "br",
	"Operation": "add",
	"Timestamp": ""
}{
	"Topic": "Wireframe",
	"Partition": "CollectingMetrics",
	"User": "tixu",
	"Delta": "o",
	"Operation": "add",
	"Timestamp": ""
}{
	"Topic": "Wireframe",
	"Partition": "CollectingMetrics",
	"User": "tixu",
	"Delta": "wn",
	"Operation": "add",
	"Timestamp": ""
}{
	"Topic": "Wireframe",
	"Partition": "CollectingMetrics",
	"User": "tixu",
	"Delta": "fo",
	"Operation": "add",
	"Timestamp": ""
}